   Compiling proc-macro2 v1.0.95
   Compiling unicode-ident v1.0.18
   Compiling libc v0.2.172
   Compiling autocfg v1.4.0
     Running `sccache /home/phaedrus/.rustup/toolchains/nightly-x86_64-unknown-linux-gnu/bin/rustc --crate-name build_script_build --edition=2021 /home/phaedrus/.cargo/registry/src/index.crates.io-1949cf8c6b5b557f/proc-macro2-1.0.95/build.rs --error-format=json --json=diagnostic-rendered-ansi,artifacts,future-incompat --crate-type bin --emit=dep-info,link -C embed-bitcode=no -C debug-assertions=off --cfg 'feature="default"' --cfg 'feature="proc-macro"' --check-cfg 'cfg(docsrs,test)' --check-cfg 'cfg(feature, values("default", "nightly", "proc-macro", "span-locations"))' -C metadata=6377129d10ae067c -C extra-filename=-2bae31912aff6601 --out-dir /home/phaedrus/.target-cross/release/build/proc-macro2-2bae31912aff6601 -C linker=cargo-zigbuild -C strip=symbols -L dependency=/home/phaedrus/.target-cross/release/deps --cap-lints allow -Cstrip=debuginfo`
     Running `sccache /home/phaedrus/.rustup/toolchains/nightly-x86_64-unknown-linux-gnu/bin/rustc --crate-name unicode_ident --edition=2018 /home/phaedrus/.cargo/registry/src/index.crates.io-1949cf8c6b5b557f/unicode-ident-1.0.18/src/lib.rs --error-format=json --json=diagnostic-rendered-ansi,artifacts,future-incompat --crate-type lib --emit=dep-info,metadata,link -C embed-bitcode=no -C debug-assertions=off --check-cfg 'cfg(docsrs,test)' --check-cfg 'cfg(feature, values())' -C metadata=7a744a1d21c719b0 -C extra-filename=-117ece0086f91486 --out-dir /home/phaedrus/.target-cross/release/deps -C linker=cargo-zigbuild -C strip=symbols -L dependency=/home/phaedrus/.target-cross/release/deps --cap-lints allow -Cstrip=debuginfo`
     Running `sccache /home/phaedrus/.rustup/toolchains/nightly-x86_64-unknown-linux-gnu/bin/rustc --crate-name autocfg --edition=2015 /home/phaedrus/.cargo/registry/src/index.crates.io-1949cf8c6b5b557f/autocfg-1.4.0/src/lib.rs --error-format=json --json=diagnostic-rendered-ansi,artifacts,future-incompat --crate-type lib --emit=dep-info,metadata,link -C embed-bitcode=no -C debug-assertions=off --check-cfg 'cfg(docsrs,test)' --check-cfg 'cfg(feature, values())' -C metadata=549e87fadeabc92c -C extra-filename=-bed241237e42637e --out-dir /home/phaedrus/.target-cross/release/deps -C linker=cargo-zigbuild -C strip=symbols -L dependency=/home/phaedrus/.target-cross/release/deps --cap-lints allow -Cstrip=debuginfo`
     Running `sccache /home/phaedrus/.rustup/toolchains/nightly-x86_64-unknown-linux-gnu/bin/rustc --crate-name build_script_build --edition=2021 /home/phaedrus/.cargo/registry/src/index.crates.io-1949cf8c6b5b557f/libc-0.2.172/build.rs --error-format=json --json=diagnostic-rendered-ansi,artifacts,future-incompat --crate-type bin --emit=dep-info,link -C embed-bitcode=no -C debug-assertions=off --cfg 'feature="default"' --cfg 'feature="extra_traits"' --cfg 'feature="std"' --check-cfg 'cfg(docsrs,test)' --check-cfg 'cfg(feature, values("align", "const-extern-fn", "default", "extra_traits", "rustc-dep-of-std", "rustc-std-workspace-core", "std", "use_std"))' -C metadata=334fd6a53dd9feff -C extra-filename=-b11dfa4d539cf6b9 --out-dir /home/phaedrus/.target-cross/release/build/libc-b11dfa4d539cf6b9 -C linker=cargo-zigbuild -C strip=symbols -L dependency=/home/phaedrus/.target-cross/release/deps --cap-lints allow -Cstrip=debuginfo`
error: linking with `cargo-zigbuild` failed: exit status: 2
  |
  = note:  "cargo-zigbuild" "-m64" "/home/phaedrus/.tmp/rustcHVeJUJ/symbols.o" "<3 object files omitted>" "-Wl,--as-needed" "-Wl,-Bstatic" "<sysroot>/lib/rustlib/x86_64-unknown-linux-gnu/lib/{libstd-*,libpanic_unwind-*,libobject-*,libmemchr-*,libaddr2line-*,libgimli-*,librustc_demangle-*,libstd_detect-*,libhashbrown-*,librustc_std_workspace_alloc-*,libminiz_oxide-*,libadler2-*,libunwind-*,libcfg_if-*,liblibc-*,liballoc-*,librustc_std_workspace_core-*,libcore-*,libcompiler_builtins-*}.rlib" "-Wl,-Bdynamic" "-lgcc_s" "-lutil" "-lrt" "-lpthread" "-lm" "-ldl" "-lc" "-L" "/home/phaedrus/.tmp/rustcHVeJUJ/raw-dylibs" "-B<sysroot>/lib/rustlib/x86_64-unknown-linux-gnu/bin/gcc-ld" "-fuse-ld=lld" "-Wl,-znostart-stop-gc" "-Wl,--eh-frame-hdr" "-Wl,-z,noexecstack" "-L" "<sysroot>/lib/rustlib/x86_64-unknown-linux-gnu/lib" "-o" "/home/phaedrus/.target-cross/release/build/proc-macro2-2bae31912aff6601/build_script_build-2bae31912aff6601" "-Wl,--gc-sections" "-pie" "-Wl,-z,relro,-z,now" "-Wl,--strip-debug" "-nodefaultlibs"
  = note: some arguments are omitted. use `--verbose` to show all linker arguments
  = note: error: unexpected argument '-m' found
          
          Usage: cargo-zigbuild <COMMAND>
          
          For more information, try '--help'.
          

error: could not compile `proc-macro2` (build script) due to 1 previous error

Caused by:
  process didn't exit successfully: `sccache /home/phaedrus/.rustup/toolchains/nightly-x86_64-unknown-linux-gnu/bin/rustc --crate-name build_script_build --edition=2021 /home/phaedrus/.cargo/registry/src/index.crates.io-1949cf8c6b5b557f/proc-macro2-1.0.95/build.rs --error-format=json --json=diagnostic-rendered-ansi,artifacts,future-incompat --crate-type bin --emit=dep-info,link -C embed-bitcode=no -C debug-assertions=off --cfg 'feature="default"' --cfg 'feature="proc-macro"' --check-cfg 'cfg(docsrs,test)' --check-cfg 'cfg(feature, values("default", "nightly", "proc-macro", "span-locations"))' -C metadata=6377129d10ae067c -C extra-filename=-2bae31912aff6601 --out-dir /home/phaedrus/.target-cross/release/build/proc-macro2-2bae31912aff6601 -C linker=cargo-zigbuild -C strip=symbols -L dependency=/home/phaedrus/.target-cross/release/deps --cap-lints allow -Cstrip=debuginfo` (exit status: 1)
warning: build failed, waiting for other jobs to finish...
error: linking with `cargo-zigbuild` failed: exit status: 2
  |
  = note:  "cargo-zigbuild" "-m64" "/home/phaedrus/.tmp/rustc8xCGIb/symbols.o" "<4 object files omitted>" "-Wl,--as-needed" "-Wl,-Bstatic" "<sysroot>/lib/rustlib/x86_64-unknown-linux-gnu/lib/{libstd-*,libpanic_unwind-*,libobject-*,libmemchr-*,libaddr2line-*,libgimli-*,librustc_demangle-*,libstd_detect-*,libhashbrown-*,librustc_std_workspace_alloc-*,libminiz_oxide-*,libadler2-*,libunwind-*,libcfg_if-*,liblibc-*,liballoc-*,librustc_std_workspace_core-*,libcore-*,libcompiler_builtins-*}.rlib" "-Wl,-Bdynamic" "-lgcc_s" "-lutil" "-lrt" "-lpthread" "-lm" "-ldl" "-lc" "-L" "/home/phaedrus/.tmp/rustc8xCGIb/raw-dylibs" "-B<sysroot>/lib/rustlib/x86_64-unknown-linux-gnu/bin/gcc-ld" "-fuse-ld=lld" "-Wl,-znostart-stop-gc" "-Wl,--eh-frame-hdr" "-Wl,-z,noexecstack" "-L" "<sysroot>/lib/rustlib/x86_64-unknown-linux-gnu/lib" "-o" "/home/phaedrus/.target-cross/release/build/libc-b11dfa4d539cf6b9/build_script_build-b11dfa4d539cf6b9" "-Wl,--gc-sections" "-pie" "-Wl,-z,relro,-z,now" "-Wl,--strip-debug" "-nodefaultlibs"
  = note: some arguments are omitted. use `--verbose` to show all linker arguments
  = note: error: unexpected argument '-m' found
          
          Usage: cargo-zigbuild <COMMAND>
          
          For more information, try '--help'.
          

error: could not compile `libc` (build script) due to 1 previous error

Caused by:
  process didn't exit successfully: `sccache /home/phaedrus/.rustup/toolchains/nightly-x86_64-unknown-linux-gnu/bin/rustc --crate-name build_script_build --edition=2021 /home/phaedrus/.cargo/registry/src/index.crates.io-1949cf8c6b5b557f/libc-0.2.172/build.rs --error-format=json --json=diagnostic-rendered-ansi,artifacts,future-incompat --crate-type bin --emit=dep-info,link -C embed-bitcode=no -C debug-assertions=off --cfg 'feature="default"' --cfg 'feature="extra_traits"' --cfg 'feature="std"' --check-cfg 'cfg(docsrs,test)' --check-cfg 'cfg(feature, values("align", "const-extern-fn", "default", "extra_traits", "rustc-dep-of-std", "rustc-std-workspace-core", "std", "use_std"))' -C metadata=334fd6a53dd9feff -C extra-filename=-b11dfa4d539cf6b9 --out-dir /home/phaedrus/.target-cross/release/build/libc-b11dfa4d539cf6b9 -C linker=cargo-zigbuild -C strip=symbols -L dependency=/home/phaedrus/.target-cross/release/deps --cap-lints allow -Cstrip=debuginfo` (exit status: 1)
